features/auth/build/intermediates/manifest_merge_blame_file/debug/manifest-merger-blame-debug-report.txt
1<?xml version="1.0" encoding="utf-8"?>
2<manifest xmlns:android="http://schemas.android.com/apk/res/android"
3    package="com.example.auth" >
4
5    <uses-sdk
6        android:minSdkVersion="21"
6-->src/main/AndroidManifest.xml
7        android:targetSdkVersion="32" />
7-->src/main/AndroidManifest.xml
8
9    <application>
9-->src/main/AndroidManifest.xml:5:5-15:19
10        <activity
10-->src/main/AndroidManifest.xml:6:9-14:20
11            android:name="com.example.auth.presentation.AuthActivity"
11-->src/main/AndroidManifest.xml:7:13-54
12            android:exported="true" >
12-->src/main/AndroidManifest.xml:8:13-36
13            <intent-filter>
13-->src/main/AndroidManifest.xml:9:13-13:29
14                <action android:name="android.intent.action.MAIN" />
14-->src/main/AndroidManifest.xml:10:17-69
14-->src/main/AndroidManifest.xml:10:25-66
15
16                <category android:name="android.intent.category.LAUNCHER" />
16-->src/main/AndroidManifest.xml:12:17-77
16-->src/main/AndroidManifest.xml:12:27-74
17            </intent-filter>
18        </activity>
19    </application>
20
21</manifest>